[debug] [2022-07-09T07:10:01.750Z] ----------------------------------------------------------------------
[debug] [2022-07-09T07:10:01.751Z] Command:       /usr/local/bin/node /usr/local/bin/firebase deploy --only functions
[debug] [2022-07-09T07:10:01.752Z] CLI Version:   10.9.2
[debug] [2022-07-09T07:10:01.752Z] Platform:      darwin
[debug] [2022-07-09T07:10:01.752Z] Node Version:  v16.13.0
[debug] [2022-07-09T07:10:01.753Z] Time:          Sat Jul 09 2022 17:10:01 GMT+1000 (Australian Eastern Standard Time)
[debug] [2022-07-09T07:10:01.753Z] ----------------------------------------------------------------------
[debug] 
[debug] [2022-07-09T07:10:01.797Z] > command requires scopes: ["email","openid","https://www.googleapis.com/auth/cloudplatformprojects.readonly","https://www.googleapis.com/auth/firebase","https://www.googleapis.com/auth/cloud-platform"]
[debug] [2022-07-09T07:10:01.797Z] > authorizing via signed-in user (cmaskito@gmail.com)
[debug] [2022-07-09T07:10:01.797Z] [iam] checking project ijru-judging for permissions ["cloudfunctions.functions.create","cloudfunctions.functions.delete","cloudfunctions.functions.get","cloudfunctions.functions.list","cloudfunctions.functions.update","cloudfunctions.operations.get","firebase.projects.get"]
[debug] [2022-07-09T07:10:01.798Z] >>> [apiv2][query] POST https://cloudresourcemanager.googleapis.com/v1/projects/ijru-judging:testIamPermissions [none]
[debug] [2022-07-09T07:10:01.798Z] >>> [apiv2][body] POST https://cloudresourcemanager.googleapis.com/v1/projects/ijru-judging:testIamPermissions {"permissions":["cloudfunctions.functions.create","cloudfunctions.functions.delete","cloudfunctions.functions.get","cloudfunctions.functions.list","cloudfunctions.functions.update","cloudfunctions.operations.get","firebase.projects.get"]}
[debug] [2022-07-09T07:10:02.143Z] <<< [apiv2][status] POST https://cloudresourcemanager.googleapis.com/v1/projects/ijru-judging:testIamPermissions 200
[debug] [2022-07-09T07:10:02.144Z] <<< [apiv2][body] POST https://cloudresourcemanager.googleapis.com/v1/projects/ijru-judging:testIamPermissions {"permissions":["cloudfunctions.functions.create","cloudfunctions.functions.delete","cloudfunctions.functions.get","cloudfunctions.functions.list","cloudfunctions.functions.update","cloudfunctions.operations.get","firebase.projects.get"]}
[debug] [2022-07-09T07:10:02.144Z] >>> [apiv2][query] POST https://iam.googleapis.com/v1/projects/ijru-judging/serviceAccounts/ijru-judging@appspot.gserviceaccount.com:testIamPermissions [none]
[debug] [2022-07-09T07:10:02.145Z] >>> [apiv2][body] POST https://iam.googleapis.com/v1/projects/ijru-judging/serviceAccounts/ijru-judging@appspot.gserviceaccount.com:testIamPermissions {"permissions":["iam.serviceAccounts.actAs"]}
[debug] [2022-07-09T07:10:02.532Z] <<< [apiv2][status] POST https://iam.googleapis.com/v1/projects/ijru-judging/serviceAccounts/ijru-judging@appspot.gserviceaccount.com:testIamPermissions 200
[debug] [2022-07-09T07:10:02.533Z] <<< [apiv2][body] POST https://iam.googleapis.com/v1/projects/ijru-judging/serviceAccounts/ijru-judging@appspot.gserviceaccount.com:testIamPermissions {"permissions":["iam.serviceAccounts.actAs"]}
[info] 
[info] === Deploying to 'ijru-judging'...
[info] 
[info] i  deploying functions 
[info] Running command: npm --prefix "$RESOURCE_DIR" run lint
[info] ✔  functions: Finished running predeploy script. 
[debug] [2022-07-09T07:10:03.237Z] >>> [apiv2][query] GET https://firebase.googleapis.com/v1beta1/projects/ijru-judging [none]
[debug] [2022-07-09T07:10:03.734Z] <<< [apiv2][status] GET https://firebase.googleapis.com/v1beta1/projects/ijru-judging 200
[debug] [2022-07-09T07:10:03.735Z] <<< [apiv2][body] GET https://firebase.googleapis.com/v1beta1/projects/ijru-judging {"projectId":"ijru-judging","projectNumber":"913527365011","displayName":"IJRU Judging","name":"projects/ijru-judging","resources":{"hostingSite":"ijru-judging","storageBucket":"ijru-judging.appspot.com","locationId":"australia-southeast1"},"state":"ACTIVE"}
[info] i  functions: ensuring required API cloudfunctions.googleapis.com is enabled... 
[info] i  functions: ensuring required API cloudbuild.googleapis.com is enabled... 
[debug] [2022-07-09T07:10:03.737Z] >>> [apiv2][query] GET https://serviceusage.googleapis.com/v1/projects/ijru-judging/services/cloudfunctions.googleapis.com [none]
[debug] [2022-07-09T07:10:03.739Z] >>> [apiv2][query] GET https://serviceusage.googleapis.com/v1/projects/ijru-judging/services/runtimeconfig.googleapis.com [none]
[debug] [2022-07-09T07:10:03.740Z] >>> [apiv2][query] GET https://serviceusage.googleapis.com/v1/projects/ijru-judging/services/cloudbuild.googleapis.com [none]
[debug] [2022-07-09T07:10:03.740Z] >>> [apiv2][query] GET https://serviceusage.googleapis.com/v1/projects/ijru-judging/services/artifactregistry.googleapis.com [none]
[debug] [2022-07-09T07:10:05.255Z] <<< [apiv2][status] GET https://serviceusage.googleapis.com/v1/projects/ijru-judging/services/cloudbuild.googleapis.com 200
[debug] [2022-07-09T07:10:05.256Z] <<< [apiv2][body] GET https://serviceusage.googleapis.com/v1/projects/ijru-judging/services/cloudbuild.googleapis.com [omitted]
[info] ✔  functions: required API cloudbuild.googleapis.com is enabled 
[debug] [2022-07-09T07:10:05.260Z] <<< [apiv2][status] GET https://serviceusage.googleapis.com/v1/projects/ijru-judging/services/runtimeconfig.googleapis.com 200
[debug] [2022-07-09T07:10:05.260Z] <<< [apiv2][body] GET https://serviceusage.googleapis.com/v1/projects/ijru-judging/services/runtimeconfig.googleapis.com [omitted]
[debug] [2022-07-09T07:10:05.264Z] <<< [apiv2][status] GET https://serviceusage.googleapis.com/v1/projects/ijru-judging/services/artifactregistry.googleapis.com 200
[debug] [2022-07-09T07:10:05.264Z] <<< [apiv2][body] GET https://serviceusage.googleapis.com/v1/projects/ijru-judging/services/artifactregistry.googleapis.com [omitted]
[debug] [2022-07-09T07:10:05.280Z] <<< [apiv2][status] GET https://serviceusage.googleapis.com/v1/projects/ijru-judging/services/cloudfunctions.googleapis.com 200
[debug] [2022-07-09T07:10:05.280Z] <<< [apiv2][body] GET https://serviceusage.googleapis.com/v1/projects/ijru-judging/services/cloudfunctions.googleapis.com [omitted]
[info] ✔  functions: required API cloudfunctions.googleapis.com is enabled 
[debug] [2022-07-09T07:10:05.283Z] >>> [apiv2][query] GET https://firebase.googleapis.com/v1beta1/projects/ijru-judging/adminSdkConfig [none]
[debug] [2022-07-09T07:10:05.762Z] <<< [apiv2][status] GET https://firebase.googleapis.com/v1beta1/projects/ijru-judging/adminSdkConfig 200
[debug] [2022-07-09T07:10:05.762Z] <<< [apiv2][body] GET https://firebase.googleapis.com/v1beta1/projects/ijru-judging/adminSdkConfig {"projectId":"ijru-judging","storageBucket":"ijru-judging.appspot.com","locationId":"australia-southeast1"}
[debug] [2022-07-09T07:10:05.764Z] >>> [apiv2][query] GET https://runtimeconfig.googleapis.com/v1beta1/projects/ijru-judging/configs [none]
[debug] [2022-07-09T07:10:06.380Z] <<< [apiv2][status] GET https://runtimeconfig.googleapis.com/v1beta1/projects/ijru-judging/configs 200
[debug] [2022-07-09T07:10:06.380Z] <<< [apiv2][body] GET https://runtimeconfig.googleapis.com/v1beta1/projects/ijru-judging/configs {}
[info] i  functions: preparing codebase default for deployment 
[debug] [2022-07-09T07:10:06.394Z] Validating nodejs source
[debug] [2022-07-09T07:10:08.068Z] > [functions] package.json contents: {
  "name": "functions",
  "description": "Cloud Functions for Firebase",
  "scripts": {
    "lint": "eslint .",
    "serve": "firebase emulators:start --only functions",
    "shell": "firebase functions:shell",
    "start": "npm run shell",
    "deploy": "firebase deploy --only functions",
    "logs": "firebase functions:log"
  },
  "engines": {
    "node": "16"
  },
  "main": "index.js",
  "dependencies": {
    "firebase-admin": "^10.0.2",
    "firebase-functions": "^3.18.0"
  },
  "devDependencies": {
    "eslint": "^8.9.0",
    "eslint-config-google": "^0.14.0",
    "firebase-functions-test": "^0.2.0"
  },
  "private": true
}
[debug] [2022-07-09T07:10:08.068Z] Building nodejs source
[debug] [2022-07-09T07:10:08.072Z] Analyzing nodejs backend spec
[debug] [2022-07-09T07:10:08.078Z] Could not find functions.yaml. Must use http discovery
[debug] [2022-07-09T07:10:08.257Z] Serving at port 9005

[debug] [2022-07-09T07:10:08.351Z] Got response from /__/functions.yaml {"endpoints":{"countScoreUpload":{"platform":"gcfv1","region":["australia-southeast1"],"eventTrigger":{"eventType":"providers/cloud.firestore/eventTypes/document.write","eventFilters":{"resource":"projects/ijru-judging/databases/(default)/documents/tournaments/{tournamentId}/scores/{scoreDoc}"},"retry":false},"labels":{},"entryPoint":"countScoreUpload"}},"specVersion":"v1alpha1","requiredAPIs":[]}
[debug] [2022-07-09T07:10:08.361Z] shutdown requested via /__/quitquitquit

[info] i  functions: preparing functions directory for uploading... 
[info] i  functions: packaged /Users/christianmaskito/Desktop/SGCS 2022/SDD/App assessment/ijru-judging-app/functions (75.97 KB) for uploading 
[debug] [2022-07-09T07:10:08.387Z] >>> [apiv2][query] GET https://cloudfunctions.googleapis.com/v1/projects/ijru-judging/locations/-/functions [none]
[debug] [2022-07-09T07:10:09.291Z] <<< [apiv2][status] GET https://cloudfunctions.googleapis.com/v1/projects/ijru-judging/locations/-/functions 200
[debug] [2022-07-09T07:10:09.291Z] <<< [apiv2][body] GET https://cloudfunctions.googleapis.com/v1/projects/ijru-judging/locations/-/functions {"functions":[{"name":"projects/ijru-judging/locations/australia-southeast1/functions/countScoreUpload","eventTrigger":{"eventType":"providers/cloud.firestore/eventTypes/document.write","resource":"projects/ijru-judging/databases/(default)/documents/tournaments/{tournamentId}/scores/{scoreDoc}","service":"firestore.googleapis.com","failurePolicy":{}},"status":"ACTIVE","entryPoint":"countScoreUpload","timeout":"60s","availableMemoryMb":256,"serviceAccountEmail":"ijru-judging@appspot.gserviceaccount.com","updateTime":"2022-07-09T06:53:00.181Z","versionId":"2","labels":{"deployment-tool":"cli-firebase"},"sourceUploadUrl":"https://storage.googleapis.com/uploads-818211193485.australia-southeast1.cloudfunctions.appspot.com/387458cf-e036-4aac-aa9b-6184b43eb83f.zip","environmentVariables":{"FIREBASE_CONFIG":"{\"projectId\":\"ijru-judging\",\"storageBucket\":\"ijru-judging.appspot.com\",\"locationId\":\"australia-southeast1\"}","GCLOUD_PROJECT":"ijru-judging"},"runtime":"nodejs16","ingressSettings":"ALLOW_ALL","buildId":"3fa64aec-2ace-43c9-a802-e452d8142289","buildName":"projects/913527365011/locations/australia-southeast1/builds/3fa64aec-2ace-43c9-a802-e452d8142289","dockerRegistry":"CONTAINER_REGISTRY"}]}
[debug] [2022-07-09T07:10:09.292Z] >>> [apiv2][query] GET https://cloudfunctions.googleapis.com/v2alpha/projects/ijru-judging/locations/-/functions [none]
[debug] [2022-07-09T07:10:11.841Z] <<< [apiv2][status] GET https://cloudfunctions.googleapis.com/v2alpha/projects/ijru-judging/locations/-/functions 200
[debug] [2022-07-09T07:10:11.841Z] <<< [apiv2][body] GET https://cloudfunctions.googleapis.com/v2alpha/projects/ijru-judging/locations/-/functions {}
[debug] [2022-07-09T07:10:11.851Z] >>> [apiv2][query] GET https://firebase.googleapis.com/v1beta1/projects/ijru-judging [none]
[debug] [2022-07-09T07:10:12.346Z] <<< [apiv2][status] GET https://firebase.googleapis.com/v1beta1/projects/ijru-judging 200
[debug] [2022-07-09T07:10:12.347Z] <<< [apiv2][body] GET https://firebase.googleapis.com/v1beta1/projects/ijru-judging {"projectId":"ijru-judging","projectNumber":"913527365011","displayName":"IJRU Judging","name":"projects/ijru-judging","resources":{"hostingSite":"ijru-judging","storageBucket":"ijru-judging.appspot.com","locationId":"australia-southeast1"},"state":"ACTIVE"}
[debug] [2022-07-09T07:10:12.348Z] >>> [apiv2][query] POST https://cloudfunctions.googleapis.com/v1/projects/ijru-judging/locations/australia-southeast1/functions:generateUploadUrl [none]
[debug] [2022-07-09T07:10:12.348Z] >>> [apiv2][body] POST https://cloudfunctions.googleapis.com/v1/projects/ijru-judging/locations/australia-southeast1/functions:generateUploadUrl {}
[debug] [2022-07-09T07:10:14.340Z] <<< [apiv2][status] POST https://cloudfunctions.googleapis.com/v1/projects/ijru-judging/locations/australia-southeast1/functions:generateUploadUrl 200
[debug] [2022-07-09T07:10:14.340Z] <<< [apiv2][body] POST https://cloudfunctions.googleapis.com/v1/projects/ijru-judging/locations/australia-southeast1/functions:generateUploadUrl {"uploadUrl":"https://storage.googleapis.com/uploads-818211193485.australia-southeast1.cloudfunctions.appspot.com/f5d1ba2c-369e-43c1-af36-ba231bfdb898.zip?GoogleAccessId=service-913527365011@gcf-admin-robot.iam.gserviceaccount.com&Expires=1657352414&Signature=oxIyC9LKYZQenjRl6sV91cqlKTRmH1kJSEzs0i77ubvSbp3l%2B8DFGvGfXKwnNG8GautybY9x%2FWMuAA%2FVqw32ncVrcaTwq0qn6I%2FCaVFYzyriB46f9OicFuiWVN3qNYyQ1uIw%2FtMiYTKHBYugiGUDyBUOHzyCpFHDD3zvlYKsDzoqLO6ahVghz80H8F4ZarLdtI7TtYizYQns8xw9p%2FaIN%2FlU9S7%2FPSBNWkIP8pzM%2FdH4AGnfyWUk0KlZidTmMeNeCsGXBpxdTz9Uq1hRShsb9lAnf7A%2F5eTt%2BvgzVnOCUTzpWO6uFosn2S9ZdwXAa%2F0xd2aMFMMnaX%2BX4MVVL0y9hg%3D%3D"}
[debug] [2022-07-09T07:10:14.341Z] >>> [apiv2][query] PUT https://storage.googleapis.com/uploads-818211193485.australia-southeast1.cloudfunctions.appspot.com/f5d1ba2c-369e-43c1-af36-ba231bfdb898.zip GoogleAccessId=service-913527365011%40gcf-admin-robot.iam.gserviceaccount.com&Expires=1657352414&Signature=oxIyC9LKYZQenjRl6sV91cqlKTRmH1kJSEzs0i77ubvSbp3l%2B8DFGvGfXKwnNG8GautybY9x%2FWMuAA%2FVqw32ncVrcaTwq0qn6I%2FCaVFYzyriB46f9OicFuiWVN3qNYyQ1uIw%2FtMiYTKHBYugiGUDyBUOHzyCpFHDD3zvlYKsDzoqLO6ahVghz80H8F4ZarLdtI7TtYizYQns8xw9p%2FaIN%2FlU9S7%2FPSBNWkIP8pzM%2FdH4AGnfyWUk0KlZidTmMeNeCsGXBpxdTz9Uq1hRShsb9lAnf7A%2F5eTt%2BvgzVnOCUTzpWO6uFosn2S9ZdwXAa%2F0xd2aMFMMnaX%2BX4MVVL0y9hg%3D%3D
[debug] [2022-07-09T07:10:14.341Z] >>> [apiv2][body] PUT https://storage.googleapis.com/uploads-818211193485.australia-southeast1.cloudfunctions.appspot.com/f5d1ba2c-369e-43c1-af36-ba231bfdb898.zip [stream]
[debug] [2022-07-09T07:10:14.558Z] <<< [apiv2][status] PUT https://storage.googleapis.com/uploads-818211193485.australia-southeast1.cloudfunctions.appspot.com/f5d1ba2c-369e-43c1-af36-ba231bfdb898.zip 200
[debug] [2022-07-09T07:10:14.558Z] <<< [apiv2][body] PUT https://storage.googleapis.com/uploads-818211193485.australia-southeast1.cloudfunctions.appspot.com/f5d1ba2c-369e-43c1-af36-ba231bfdb898.zip [omitted]
[info] ✔  functions: functions folder uploaded successfully 
[info] i  functions: updating Node.js 16 function countScoreUpload(australia-southeast1)... 
[debug] [2022-07-09T07:10:14.562Z] >>> [apiv2][query] PATCH https://cloudfunctions.googleapis.com/v1/projects/ijru-judging/locations/australia-southeast1/functions/countScoreUpload updateMask=name%2CsourceUploadUrl%2CentryPoint%2Cruntime%2Clabels%2CeventTrigger.eventType%2CeventTrigger.resource%2CeventTrigger.failurePolicy%2CavailableMemoryMb%2CenvironmentVariables%2CsourceToken
[debug] [2022-07-09T07:10:14.562Z] >>> [apiv2][body] PATCH https://cloudfunctions.googleapis.com/v1/projects/ijru-judging/locations/australia-southeast1/functions/countScoreUpload {"name":"projects/ijru-judging/locations/australia-southeast1/functions/countScoreUpload","sourceUploadUrl":"https://storage.googleapis.com/uploads-818211193485.australia-southeast1.cloudfunctions.appspot.com/f5d1ba2c-369e-43c1-af36-ba231bfdb898.zip?GoogleAccessId=service-913527365011@gcf-admin-robot.iam.gserviceaccount.com&Expires=1657352414&Signature=oxIyC9LKYZQenjRl6sV91cqlKTRmH1kJSEzs0i77ubvSbp3l%2B8DFGvGfXKwnNG8GautybY9x%2FWMuAA%2FVqw32ncVrcaTwq0qn6I%2FCaVFYzyriB46f9OicFuiWVN3qNYyQ1uIw%2FtMiYTKHBYugiGUDyBUOHzyCpFHDD3zvlYKsDzoqLO6ahVghz80H8F4ZarLdtI7TtYizYQns8xw9p%2FaIN%2FlU9S7%2FPSBNWkIP8pzM%2FdH4AGnfyWUk0KlZidTmMeNeCsGXBpxdTz9Uq1hRShsb9lAnf7A%2F5eTt%2BvgzVnOCUTzpWO6uFosn2S9ZdwXAa%2F0xd2aMFMMnaX%2BX4MVVL0y9hg%3D%3D","entryPoint":"countScoreUpload","runtime":"nodejs16","labels":{"deployment-tool":"cli-firebase"},"eventTrigger":{"eventType":"providers/cloud.firestore/eventTypes/document.write","resource":"projects/ijru-judging/databases/(default)/documents/tournaments/{tournamentId}/scores/{scoreDoc}"},"availableMemoryMb":256,"environmentVariables":{"FIREBASE_CONFIG":"{\"projectId\":\"ijru-judging\",\"storageBucket\":\"ijru-judging.appspot.com\",\"locationId\":\"australia-southeast1\"}","GCLOUD_PROJECT":"ijru-judging"}}
[debug] [2022-07-09T07:10:15.483Z] <<< [apiv2][status] PATCH https://cloudfunctions.googleapis.com/v1/projects/ijru-judging/locations/australia-southeast1/functions/countScoreUpload 200
[debug] [2022-07-09T07:10:15.483Z] <<< [apiv2][body] PATCH https://cloudfunctions.googleapis.com/v1/projects/ijru-judging/locations/australia-southeast1/functions/countScoreUpload {"name":"operations/aWpydS1qdWRnaW5nL2F1c3RyYWxpYS1zb3V0aGVhc3QxL2NvdW50U2NvcmVVcGxvYWQvbGdlbjlKdWF4S0U","metadata":{"@type":"type.googleapis.com/google.cloud.functions.v1.OperationMetadataV1","target":"projects/ijru-judging/locations/australia-southeast1/functions/countScoreUpload","type":"UPDATE_FUNCTION","request":{"@type":"type.googleapis.com/google.cloud.functions.v1.CloudFunction","name":"projects/ijru-judging/locations/australia-southeast1/functions/countScoreUpload","eventTrigger":{"eventType":"providers/cloud.firestore/eventTypes/document.write","resource":"projects/ijru-judging/databases/(default)/documents/tournaments/{tournamentId}/scores/{scoreDoc}","service":"firestore.googleapis.com"},"status":"ACTIVE","entryPoint":"countScoreUpload","timeout":"60s","availableMemoryMb":256,"serviceAccountEmail":"ijru-judging@appspot.gserviceaccount.com","updateTime":"2022-07-09T06:53:00.181Z","versionId":"2","labels":{"deployment-tool":"cli-firebase"},"sourceUploadUrl":"https://storage.googleapis.com/uploads-818211193485.australia-southeast1.cloudfunctions.appspot.com/f5d1ba2c-369e-43c1-af36-ba231bfdb898.zip?GoogleAccessId=service-913527365011@gcf-admin-robot.iam.gserviceaccount.com&Expires=1657352414&Signature=oxIyC9LKYZQenjRl6sV91cqlKTRmH1kJSEzs0i77ubvSbp3l%2B8DFGvGfXKwnNG8GautybY9x%2FWMuAA%2FVqw32ncVrcaTwq0qn6I%2FCaVFYzyriB46f9OicFuiWVN3qNYyQ1uIw%2FtMiYTKHBYugiGUDyBUOHzyCpFHDD3zvlYKsDzoqLO6ahVghz80H8F4ZarLdtI7TtYizYQns8xw9p%2FaIN%2FlU9S7%2FPSBNWkIP8pzM%2FdH4AGnfyWUk0KlZidTmMeNeCsGXBpxdTz9Uq1hRShsb9lAnf7A%2F5eTt%2BvgzVnOCUTzpWO6uFosn2S9ZdwXAa%2F0xd2aMFMMnaX%2BX4MVVL0y9hg%3D%3D","environmentVariables":{"FIREBASE_CONFIG":"{\"projectId\":\"ijru-judging\",\"storageBucket\":\"ijru-judging.appspot.com\",\"locationId\":\"australia-southeast1\"}","GCLOUD_PROJECT":"ijru-judging"},"runtime":"nodejs16","ingressSettings":"ALLOW_ALL","buildId":"3fa64aec-2ace-43c9-a802-e452d8142289","buildName":"projects/913527365011/locations/australia-southeast1/builds/3fa64aec-2ace-43c9-a802-e452d8142289","dockerRegistry":"CONTAINER_REGISTRY"},"versionId":"3","updateTime":"2022-07-09T07:10:15Z"}}
[debug] [2022-07-09T07:10:15.484Z] >>> [apiv2][query] GET https://cloudfunctions.googleapis.com/v1/operations/aWpydS1qdWRnaW5nL2F1c3RyYWxpYS1zb3V0aGVhc3QxL2NvdW50U2NvcmVVcGxvYWQvbGdlbjlKdWF4S0U [none]
[debug] [2022-07-09T07:10:15.978Z] <<< [apiv2][status] GET https://cloudfunctions.googleapis.com/v1/operations/aWpydS1qdWRnaW5nL2F1c3RyYWxpYS1zb3V0aGVhc3QxL2NvdW50U2NvcmVVcGxvYWQvbGdlbjlKdWF4S0U 200
[debug] [2022-07-09T07:10:15.978Z] <<< [apiv2][body] GET https://cloudfunctions.googleapis.com/v1/operations/aWpydS1qdWRnaW5nL2F1c3RyYWxpYS1zb3V0aGVhc3QxL2NvdW50U2NvcmVVcGxvYWQvbGdlbjlKdWF4S0U {"name":"operations/aWpydS1qdWRnaW5nL2F1c3RyYWxpYS1zb3V0aGVhc3QxL2NvdW50U2NvcmVVcGxvYWQvbGdlbjlKdWF4S0U","metadata":{"@type":"type.googleapis.com/google.cloud.functions.v1.OperationMetadataV1","target":"projects/ijru-judging/locations/australia-southeast1/functions/countScoreUpload","type":"UPDATE_FUNCTION","request":{"@type":"type.googleapis.com/google.cloud.functions.v1.CloudFunction","name":"projects/ijru-judging/locations/australia-southeast1/functions/countScoreUpload","eventTrigger":{"eventType":"providers/cloud.firestore/eventTypes/document.write","resource":"projects/ijru-judging/databases/(default)/documents/tournaments/{tournamentId}/scores/{scoreDoc}","service":"firestore.googleapis.com"},"status":"ACTIVE","entryPoint":"countScoreUpload","timeout":"60s","availableMemoryMb":256,"serviceAccountEmail":"ijru-judging@appspot.gserviceaccount.com","updateTime":"2022-07-09T06:53:00.181Z","versionId":"2","labels":{"deployment-tool":"cli-firebase"},"sourceUploadUrl":"https://storage.googleapis.com/uploads-818211193485.australia-southeast1.cloudfunctions.appspot.com/f5d1ba2c-369e-43c1-af36-ba231bfdb898.zip?GoogleAccessId=service-913527365011@gcf-admin-robot.iam.gserviceaccount.com&Expires=1657352414&Signature=oxIyC9LKYZQenjRl6sV91cqlKTRmH1kJSEzs0i77ubvSbp3l%2B8DFGvGfXKwnNG8GautybY9x%2FWMuAA%2FVqw32ncVrcaTwq0qn6I%2FCaVFYzyriB46f9OicFuiWVN3qNYyQ1uIw%2FtMiYTKHBYugiGUDyBUOHzyCpFHDD3zvlYKsDzoqLO6ahVghz80H8F4ZarLdtI7TtYizYQns8xw9p%2FaIN%2FlU9S7%2FPSBNWkIP8pzM%2FdH4AGnfyWUk0KlZidTmMeNeCsGXBpxdTz9Uq1hRShsb9lAnf7A%2F5eTt%2BvgzVnOCUTzpWO6uFosn2S9ZdwXAa%2F0xd2aMFMMnaX%2BX4MVVL0y9hg%3D%3D","environmentVariables":{"FIREBASE_CONFIG":"{\"projectId\":\"ijru-judging\",\"storageBucket\":\"ijru-judging.appspot.com\",\"locationId\":\"australia-southeast1\"}","GCLOUD_PROJECT":"ijru-judging"},"runtime":"nodejs16","ingressSettings":"ALLOW_ALL","buildId":"3fa64aec-2ace-43c9-a802-e452d8142289","buildName":"projects/913527365011/locations/australia-southeast1/builds/3fa64aec-2ace-43c9-a802-e452d8142289","dockerRegistry":"CONTAINER_REGISTRY"},"versionId":"3","updateTime":"2022-07-09T07:10:15Z"}}
[debug] [2022-07-09T07:10:16.481Z] [update-default-australia-southeast1-countScoreUpload] Retrying task index 0
[debug] [2022-07-09T07:10:16.482Z] >>> [apiv2][query] GET https://cloudfunctions.googleapis.com/v1/operations/aWpydS1qdWRnaW5nL2F1c3RyYWxpYS1zb3V0aGVhc3QxL2NvdW50U2NvcmVVcGxvYWQvbGdlbjlKdWF4S0U [none]
[debug] [2022-07-09T07:10:16.950Z] <<< [apiv2][status] GET https://cloudfunctions.googleapis.com/v1/operations/aWpydS1qdWRnaW5nL2F1c3RyYWxpYS1zb3V0aGVhc3QxL2NvdW50U2NvcmVVcGxvYWQvbGdlbjlKdWF4S0U 200
[debug] [2022-07-09T07:10:16.950Z] <<< [apiv2][body] GET https://cloudfunctions.googleapis.com/v1/operations/aWpydS1qdWRnaW5nL2F1c3RyYWxpYS1zb3V0aGVhc3QxL2NvdW50U2NvcmVVcGxvYWQvbGdlbjlKdWF4S0U {"name":"operations/aWpydS1qdWRnaW5nL2F1c3RyYWxpYS1zb3V0aGVhc3QxL2NvdW50U2NvcmVVcGxvYWQvbGdlbjlKdWF4S0U","metadata":{"@type":"type.googleapis.com/google.cloud.functions.v1.OperationMetadataV1","target":"projects/ijru-judging/locations/australia-southeast1/functions/countScoreUpload","type":"UPDATE_FUNCTION","request":{"@type":"type.googleapis.com/google.cloud.functions.v1.CloudFunction","name":"projects/ijru-judging/locations/australia-southeast1/functions/countScoreUpload","eventTrigger":{"eventType":"providers/cloud.firestore/eventTypes/document.write","resource":"projects/ijru-judging/databases/(default)/documents/tournaments/{tournamentId}/scores/{scoreDoc}","service":"firestore.googleapis.com"},"status":"ACTIVE","entryPoint":"countScoreUpload","timeout":"60s","availableMemoryMb":256,"serviceAccountEmail":"ijru-judging@appspot.gserviceaccount.com","updateTime":"2022-07-09T06:53:00.181Z","versionId":"2","labels":{"deployment-tool":"cli-firebase"},"sourceUploadUrl":"https://storage.googleapis.com/uploads-818211193485.australia-southeast1.cloudfunctions.appspot.com/f5d1ba2c-369e-43c1-af36-ba231bfdb898.zip?GoogleAccessId=service-913527365011@gcf-admin-robot.iam.gserviceaccount.com&Expires=1657352414&Signature=oxIyC9LKYZQenjRl6sV91cqlKTRmH1kJSEzs0i77ubvSbp3l%2B8DFGvGfXKwnNG8GautybY9x%2FWMuAA%2FVqw32ncVrcaTwq0qn6I%2FCaVFYzyriB46f9OicFuiWVN3qNYyQ1uIw%2FtMiYTKHBYugiGUDyBUOHzyCpFHDD3zvlYKsDzoqLO6ahVghz80H8F4ZarLdtI7TtYizYQns8xw9p%2FaIN%2FlU9S7%2FPSBNWkIP8pzM%2FdH4AGnfyWUk0KlZidTmMeNeCsGXBpxdTz9Uq1hRShsb9lAnf7A%2F5eTt%2BvgzVnOCUTzpWO6uFosn2S9ZdwXAa%2F0xd2aMFMMnaX%2BX4MVVL0y9hg%3D%3D","environmentVariables":{"FIREBASE_CONFIG":"{\"projectId\":\"ijru-judging\",\"storageBucket\":\"ijru-judging.appspot.com\",\"locationId\":\"australia-southeast1\"}","GCLOUD_PROJECT":"ijru-judging"},"runtime":"nodejs16","ingressSettings":"ALLOW_ALL","buildId":"3fa64aec-2ace-43c9-a802-e452d8142289","buildName":"projects/913527365011/locations/australia-southeast1/builds/3fa64aec-2ace-43c9-a802-e452d8142289","dockerRegistry":"CONTAINER_REGISTRY"},"versionId":"3","updateTime":"2022-07-09T07:10:16Z"}}
[debug] [2022-07-09T07:10:17.956Z] [update-default-australia-southeast1-countScoreUpload] Retrying task index 0
[debug] [2022-07-09T07:10:17.958Z] >>> [apiv2][query] GET https://cloudfunctions.googleapis.com/v1/operations/aWpydS1qdWRnaW5nL2F1c3RyYWxpYS1zb3V0aGVhc3QxL2NvdW50U2NvcmVVcGxvYWQvbGdlbjlKdWF4S0U [none]
[debug] [2022-07-09T07:10:18.466Z] <<< [apiv2][status] GET https://cloudfunctions.googleapis.com/v1/operations/aWpydS1qdWRnaW5nL2F1c3RyYWxpYS1zb3V0aGVhc3QxL2NvdW50U2NvcmVVcGxvYWQvbGdlbjlKdWF4S0U 200
[debug] [2022-07-09T07:10:18.466Z] <<< [apiv2][body] GET https://cloudfunctions.googleapis.com/v1/operations/aWpydS1qdWRnaW5nL2F1c3RyYWxpYS1zb3V0aGVhc3QxL2NvdW50U2NvcmVVcGxvYWQvbGdlbjlKdWF4S0U {"name":"operations/aWpydS1qdWRnaW5nL2F1c3RyYWxpYS1zb3V0aGVhc3QxL2NvdW50U2NvcmVVcGxvYWQvbGdlbjlKdWF4S0U","metadata":{"@type":"type.googleapis.com/google.cloud.functions.v1.OperationMetadataV1","target":"projects/ijru-judging/locations/australia-southeast1/functions/countScoreUpload","type":"UPDATE_FUNCTION","request":{"@type":"type.googleapis.com/google.cloud.functions.v1.CloudFunction","name":"projects/ijru-judging/locations/australia-southeast1/functions/countScoreUpload","eventTrigger":{"eventType":"providers/cloud.firestore/eventTypes/document.write","resource":"projects/ijru-judging/databases/(default)/documents/tournaments/{tournamentId}/scores/{scoreDoc}","service":"firestore.googleapis.com"},"status":"ACTIVE","entryPoint":"countScoreUpload","timeout":"60s","availableMemoryMb":256,"serviceAccountEmail":"ijru-judging@appspot.gserviceaccount.com","updateTime":"2022-07-09T06:53:00.181Z","versionId":"2","labels":{"deployment-tool":"cli-firebase"},"sourceUploadUrl":"https://storage.googleapis.com/uploads-818211193485.australia-southeast1.cloudfunctions.appspot.com/f5d1ba2c-369e-43c1-af36-ba231bfdb898.zip?GoogleAccessId=service-913527365011@gcf-admin-robot.iam.gserviceaccount.com&Expires=1657352414&Signature=oxIyC9LKYZQenjRl6sV91cqlKTRmH1kJSEzs0i77ubvSbp3l%2B8DFGvGfXKwnNG8GautybY9x%2FWMuAA%2FVqw32ncVrcaTwq0qn6I%2FCaVFYzyriB46f9OicFuiWVN3qNYyQ1uIw%2FtMiYTKHBYugiGUDyBUOHzyCpFHDD3zvlYKsDzoqLO6ahVghz80H8F4ZarLdtI7TtYizYQns8xw9p%2FaIN%2FlU9S7%2FPSBNWkIP8pzM%2FdH4AGnfyWUk0KlZidTmMeNeCsGXBpxdTz9Uq1hRShsb9lAnf7A%2F5eTt%2BvgzVnOCUTzpWO6uFosn2S9ZdwXAa%2F0xd2aMFMMnaX%2BX4MVVL0y9hg%3D%3D","environmentVariables":{"FIREBASE_CONFIG":"{\"projectId\":\"ijru-judging\",\"storageBucket\":\"ijru-judging.appspot.com\",\"locationId\":\"australia-southeast1\"}","GCLOUD_PROJECT":"ijru-judging"},"runtime":"nodejs16","ingressSettings":"ALLOW_ALL","buildId":"3fa64aec-2ace-43c9-a802-e452d8142289","buildName":"projects/913527365011/locations/australia-southeast1/builds/3fa64aec-2ace-43c9-a802-e452d8142289","dockerRegistry":"CONTAINER_REGISTRY"},"versionId":"3","updateTime":"2022-07-09T07:10:16Z","buildId":"cfc90f51-02a6-47de-9941-05b63f1e5678","buildName":"projects/913527365011/locations/australia-southeast1/builds/cfc90f51-02a6-47de-9941-05b63f1e5678"}}
[debug] [2022-07-09T07:10:20.467Z] [update-default-australia-southeast1-countScoreUpload] Retrying task index 0
[debug] [2022-07-09T07:10:20.468Z] >>> [apiv2][query] GET https://cloudfunctions.googleapis.com/v1/operations/aWpydS1qdWRnaW5nL2F1c3RyYWxpYS1zb3V0aGVhc3QxL2NvdW50U2NvcmVVcGxvYWQvbGdlbjlKdWF4S0U [none]
[debug] [2022-07-09T07:10:20.929Z] <<< [apiv2][status] GET https://cloudfunctions.googleapis.com/v1/operations/aWpydS1qdWRnaW5nL2F1c3RyYWxpYS1zb3V0aGVhc3QxL2NvdW50U2NvcmVVcGxvYWQvbGdlbjlKdWF4S0U 200
[debug] [2022-07-09T07:10:20.930Z] <<< [apiv2][body] GET https://cloudfunctions.googleapis.com/v1/operations/aWpydS1qdWRnaW5nL2F1c3RyYWxpYS1zb3V0aGVhc3QxL2NvdW50U2NvcmVVcGxvYWQvbGdlbjlKdWF4S0U {"name":"operations/aWpydS1qdWRnaW5nL2F1c3RyYWxpYS1zb3V0aGVhc3QxL2NvdW50U2NvcmVVcGxvYWQvbGdlbjlKdWF4S0U","metadata":{"@type":"type.googleapis.com/google.cloud.functions.v1.OperationMetadataV1","target":"projects/ijru-judging/locations/australia-southeast1/functions/countScoreUpload","type":"UPDATE_FUNCTION","request":{"@type":"type.googleapis.com/google.cloud.functions.v1.CloudFunction","name":"projects/ijru-judging/locations/australia-southeast1/functions/countScoreUpload","eventTrigger":{"eventType":"providers/cloud.firestore/eventTypes/document.write","resource":"projects/ijru-judging/databases/(default)/documents/tournaments/{tournamentId}/scores/{scoreDoc}","service":"firestore.googleapis.com"},"status":"ACTIVE","entryPoint":"countScoreUpload","timeout":"60s","availableMemoryMb":256,"serviceAccountEmail":"ijru-judging@appspot.gserviceaccount.com","updateTime":"2022-07-09T06:53:00.181Z","versionId":"2","labels":{"deployment-tool":"cli-firebase"},"sourceUploadUrl":"https://storage.googleapis.com/uploads-818211193485.australia-southeast1.cloudfunctions.appspot.com/f5d1ba2c-369e-43c1-af36-ba231bfdb898.zip?GoogleAccessId=service-913527365011@gcf-admin-robot.iam.gserviceaccount.com&Expires=1657352414&Signature=oxIyC9LKYZQenjRl6sV91cqlKTRmH1kJSEzs0i77ubvSbp3l%2B8DFGvGfXKwnNG8GautybY9x%2FWMuAA%2FVqw32ncVrcaTwq0qn6I%2FCaVFYzyriB46f9OicFuiWVN3qNYyQ1uIw%2FtMiYTKHBYugiGUDyBUOHzyCpFHDD3zvlYKsDzoqLO6ahVghz80H8F4ZarLdtI7TtYizYQns8xw9p%2FaIN%2FlU9S7%2FPSBNWkIP8pzM%2FdH4AGnfyWUk0KlZidTmMeNeCsGXBpxdTz9Uq1hRShsb9lAnf7A%2F5eTt%2BvgzVnOCUTzpWO6uFosn2S9ZdwXAa%2F0xd2aMFMMnaX%2BX4MVVL0y9hg%3D%3D","environmentVariables":{"FIREBASE_CONFIG":"{\"projectId\":\"ijru-judging\",\"storageBucket\":\"ijru-judging.appspot.com\",\"locationId\":\"australia-southeast1\"}","GCLOUD_PROJECT":"ijru-judging"},"runtime":"nodejs16","ingressSettings":"ALLOW_ALL","buildId":"3fa64aec-2ace-43c9-a802-e452d8142289","buildName":"projects/913527365011/locations/australia-southeast1/builds/3fa64aec-2ace-43c9-a802-e452d8142289","dockerRegistry":"CONTAINER_REGISTRY"},"versionId":"3","updateTime":"2022-07-09T07:10:16Z","buildId":"cfc90f51-02a6-47de-9941-05b63f1e5678","buildName":"projects/913527365011/locations/australia-southeast1/builds/cfc90f51-02a6-47de-9941-05b63f1e5678"}}
[debug] [2022-07-09T07:10:24.934Z] [update-default-australia-southeast1-countScoreUpload] Retrying task index 0
[debug] [2022-07-09T07:10:24.935Z] >>> [apiv2][query] GET https://cloudfunctions.googleapis.com/v1/operations/aWpydS1qdWRnaW5nL2F1c3RyYWxpYS1zb3V0aGVhc3QxL2NvdW50U2NvcmVVcGxvYWQvbGdlbjlKdWF4S0U [none]
[debug] [2022-07-09T07:10:25.428Z] <<< [apiv2][status] GET https://cloudfunctions.googleapis.com/v1/operations/aWpydS1qdWRnaW5nL2F1c3RyYWxpYS1zb3V0aGVhc3QxL2NvdW50U2NvcmVVcGxvYWQvbGdlbjlKdWF4S0U 200
[debug] [2022-07-09T07:10:25.428Z] <<< [apiv2][body] GET https://cloudfunctions.googleapis.com/v1/operations/aWpydS1qdWRnaW5nL2F1c3RyYWxpYS1zb3V0aGVhc3QxL2NvdW50U2NvcmVVcGxvYWQvbGdlbjlKdWF4S0U {"name":"operations/aWpydS1qdWRnaW5nL2F1c3RyYWxpYS1zb3V0aGVhc3QxL2NvdW50U2NvcmVVcGxvYWQvbGdlbjlKdWF4S0U","metadata":{"@type":"type.googleapis.com/google.cloud.functions.v1.OperationMetadataV1","target":"projects/ijru-judging/locations/australia-southeast1/functions/countScoreUpload","type":"UPDATE_FUNCTION","request":{"@type":"type.googleapis.com/google.cloud.functions.v1.CloudFunction","name":"projects/ijru-judging/locations/australia-southeast1/functions/countScoreUpload","eventTrigger":{"eventType":"providers/cloud.firestore/eventTypes/document.write","resource":"projects/ijru-judging/databases/(default)/documents/tournaments/{tournamentId}/scores/{scoreDoc}","service":"firestore.googleapis.com"},"status":"ACTIVE","entryPoint":"countScoreUpload","timeout":"60s","availableMemoryMb":256,"serviceAccountEmail":"ijru-judging@appspot.gserviceaccount.com","updateTime":"2022-07-09T06:53:00.181Z","versionId":"2","labels":{"deployment-tool":"cli-firebase"},"sourceUploadUrl":"https://storage.googleapis.com/uploads-818211193485.australia-southeast1.cloudfunctions.appspot.com/f5d1ba2c-369e-43c1-af36-ba231bfdb898.zip?GoogleAccessId=service-913527365011@gcf-admin-robot.iam.gserviceaccount.com&Expires=1657352414&Signature=oxIyC9LKYZQenjRl6sV91cqlKTRmH1kJSEzs0i77ubvSbp3l%2B8DFGvGfXKwnNG8GautybY9x%2FWMuAA%2FVqw32ncVrcaTwq0qn6I%2FCaVFYzyriB46f9OicFuiWVN3qNYyQ1uIw%2FtMiYTKHBYugiGUDyBUOHzyCpFHDD3zvlYKsDzoqLO6ahVghz80H8F4ZarLdtI7TtYizYQns8xw9p%2FaIN%2FlU9S7%2FPSBNWkIP8pzM%2FdH4AGnfyWUk0KlZidTmMeNeCsGXBpxdTz9Uq1hRShsb9lAnf7A%2F5eTt%2BvgzVnOCUTzpWO6uFosn2S9ZdwXAa%2F0xd2aMFMMnaX%2BX4MVVL0y9hg%3D%3D","environmentVariables":{"FIREBASE_CONFIG":"{\"projectId\":\"ijru-judging\",\"storageBucket\":\"ijru-judging.appspot.com\",\"locationId\":\"australia-southeast1\"}","GCLOUD_PROJECT":"ijru-judging"},"runtime":"nodejs16","ingressSettings":"ALLOW_ALL","buildId":"3fa64aec-2ace-43c9-a802-e452d8142289","buildName":"projects/913527365011/locations/australia-southeast1/builds/3fa64aec-2ace-43c9-a802-e452d8142289","dockerRegistry":"CONTAINER_REGISTRY"},"versionId":"3","updateTime":"2022-07-09T07:10:16Z","buildId":"cfc90f51-02a6-47de-9941-05b63f1e5678","buildName":"projects/913527365011/locations/australia-southeast1/builds/cfc90f51-02a6-47de-9941-05b63f1e5678"}}
